08:59:19 **** Build of configuration Debug for project Unit2_Lesson8_Assignment1 ****
make all 
'Building target: Unit2_Lesson8_Assignment1'
'Invoking: Cross GCC Linker'
gcc  -o "Unit2_Lesson8_Assignment1"  ./main.o   
'Finished building target: Unit2_Lesson8_Assignment1'
' '
09:00:55 **** Rebuild of configuration Debug for project Unit2_Lesson8_Assignment 1 ****
Info: Internal Builder is used for build
gcc -O0 -g3 -Wall -c -fmessage-length=0 -o main.o "..\\main.c" 
..\main.c: In function 'main':
..\main.c:16:28: warning: format '%x' expects argument of type 'unsigned int', but argument 2 has type 'int *' [-Wformat=]
  printf("Address of m : 0x%x \nValue of m : %d\n",&m,m);
                            ^
..\main.c:19:37: warning: format '%x' expects argument of type 'unsigned int', but argument 2 has type 'int *' [-Wformat=]
  printf("Address of pointer ab : 0x%x \nContent of pointer ab : %d\n",ab,*ab);
                                     ^
..\main.c:23:37: warning: format '%x' expects argument of type 'unsigned int', but argument 2 has type 'int *' [-Wformat=]
  printf("Address of pointer ab : 0x%x \nContent of pointer ab : %d\n",ab,*ab);
                                     ^
..\main.c:27:28: warning: format '%x' expects argument of type 'unsigned int', but argument 2 has type 'int *' [-Wformat=]
  printf("Address of m : 0x%x \n Value of m : %d",&m,m);
                            ^
gcc -o "Unit2_Lesson8_Assignment 1.exe" main.o 
Info: Nothing to build for Unit2_Lesson8_Assignment 1
09:07:57 **** Rebuild of configuration Debug for project Unit2_Lesson8_Assignment 2 ****
Info: Internal Builder is used for build
gcc -O0 -g3 -Wall -c -fmessage-length=0 -o main.o "..\\main.c" 
..\main.c: In function 'main':
..\main.c:15:36: warning: value computed is not used [-Wunused-value]
  for(; *(Pa) >= 65 && *(Pa) <= 90; *Pa++)
                                    ^~~~~
gcc -o "Unit2_Lesson8_Assignment 2.exe" main.o 
Info: Nothing to build for Unit2_Lesson8_Assignment 2
Info: Nothing to build for Unit2_Lesson8_Assignment 2
09:09:11 **** Incremental Build of configuration Debug for project Unit2_Lesson8_Assignment 2 ****
Info: Internal Builder is used for build
gcc -O0 -g3 -Wall -c -fmessage-length=0 -o main.o "..\\main.c" 
..\main.c: In function 'main':
..\main.c:18:4: error: 'pa' undeclared (first use in this function)
   *pa = *pa + 1;
    ^~
..\main.c:18:4: note: each undeclared identifier is reported only once for each function it appears in
09:09:22 **** Incremental Build of configuration Debug for project Unit2_Lesson8_Assignment 2 ****
Info: Internal Builder is used for build
gcc -O0 -g3 -Wall -c -fmessage-length=0 -o main.o "..\\main.c" 
gcc -o "Unit2_Lesson8_Assignment 2.exe" main.o 
Info: Nothing to build for Unit2_Lesson8_Assignment 2
09:16:59 **** Incremental Build of configuration Debug for project Unit2_Lesson8_Assignment 2 ****
Info: Internal Builder is used for build
gcc -O0 -g3 -Wall -c -fmessage-length=0 -o main.o "..\\main.c" 
gcc -o "Unit2_Lesson8_Assignment 2.exe" main.o 
Info: Nothing to build for Unit2_Lesson8_Assignment 2
09:17:33 **** Incremental Build of configuration Debug for project Unit2_Lesson8_Assignment 2 ****
Info: Internal Builder is used for build
gcc -O0 -g3 -Wall -c -fmessage-length=0 -o main.o "..\\main.c" 
gcc -o "Unit2_Lesson8_Assignment 2.exe" main.o 
09:17:37 **** Incremental Build of configuration Debug for project Unit2_Lesson8_Assignment 2 ****
Info: Internal Builder is used for build
gcc -O0 -g3 -Wall -c -fmessage-length=0 -o main.o "..\\main.c" 
gcc -o "Unit2_Lesson8_Assignment 2.exe" main.o 
Info: Nothing to build for Unit2_Lesson8_Assignment 2
09:17:52 **** Incremental Build of configuration Debug for project Unit2_Lesson8_Assignment 2 ****
Info: Internal Builder is used for build
gcc -O0 -g3 -Wall -c -fmessage-length=0 -o main.o "..\\main.c" 
gcc -o "Unit2_Lesson8_Assignment 2.exe" main.o 
Info: Nothing to build for Unit2_Lesson8_Assignment 2
09:53:52 **** Rebuild of configuration Debug for project Unit2_Lesson8_Assignment 3 ****
Info: Internal Builder is used for build
gcc -O0 -g3 -Wall -c -fmessage-length=0 -o main.o "..\\main.c" 
..\main.c: In function 'main':
..\main.c:13:8: warning: unused variable 'str' [-Wunused-variable]
  char *str = "Omar Alaa";
        ^~~
gcc -o "Unit2_Lesson8_Assignment 3.exe" main.o 
09:53:58 **** Incremental Build of configuration Debug for project Unit2_Lesson8_Assignment 3 ****
Info: Internal Builder is used for build
gcc -O0 -g3 -Wall -c -fmessage-length=0 -o main.o "..\\main.c" 
gcc -o "Unit2_Lesson8_Assignment 3.exe" main.o 
Info: Nothing to build for Unit2_Lesson8_Assignment 3
09:54:21 **** Incremental Build of configuration Debug for project Unit2_Lesson8_Assignment 3 ****
Info: Internal Builder is used for build
gcc -O0 -g3 -Wall -c -fmessage-length=0 -o main.o "..\\main.c" 
gcc -o "Unit2_Lesson8_Assignment 3.exe" main.o 
Info: Nothing to build for Unit2_Lesson8_Assignment 3
09:55:10 **** Incremental Build of configuration Debug for project Unit2_Lesson8_Assignment 3 ****
Info: Internal Builder is used for build
gcc -O0 -g3 -Wall -c -fmessage-length=0 -o main.o "..\\main.c" 
..\main.c: In function 'main':
..\main.c:15:5: error: expected '=', ',', ';', 'asm' or '__attribute__' before '++' token
  str++;
     ^~
..\main.c:15:7: error: expected expression before ';' token
  str++;
       ^
09:55:18 **** Incremental Build of configuration Debug for project Unit2_Lesson8_Assignment 3 ****
Info: Internal Builder is used for build
gcc -O0 -g3 -Wall -c -fmessage-length=0 -o main.o "..\\main.c" 
gcc -o "Unit2_Lesson8_Assignment 3.exe" main.o 
Info: Nothing to build for Unit2_Lesson8_Assignment 3
09:57:00 **** Incremental Build of configuration Debug for project Unit2_Lesson8_Assignment 3 ****
Info: Internal Builder is used for build
gcc -O0 -g3 -Wall -c -fmessage-length=0 -o main.o "..\\main.c" 
gcc -o "Unit2_Lesson8_Assignment 3.exe" main.o 
09:57:34 **** Incremental Build of configuration Debug for project Unit2_Lesson8_Assignment 3 ****
Info: Internal Builder is used for build
gcc -O0 -g3 -Wall -c -fmessage-length=0 -o main.o "..\\main.c" 
gcc -o "Unit2_Lesson8_Assignment 3.exe" main.o 
Info: Nothing to build for Unit2_Lesson8_Assignment 3
09:58:59 **** Incremental Build of configuration Debug for project Unit2_Lesson8_Assignment 3 ****
Info: Internal Builder is used for build
gcc -O0 -g3 -Wall -c -fmessage-length=0 -o main.o "..\\main.c" 
..\main.c: In function 'main':
..\main.c:17:6: error: lvalue required as increment operand
   str++;
      ^~
10:00:45 **** Incremental Build of configuration Debug for project Unit2_Lesson8_Assignment 3 ****
Info: Internal Builder is used for build
gcc -O0 -g3 -Wall -c -fmessage-length=0 -o main.o "..\\main.c" 
..\main.c: In function 'main':
..\main.c:13:32: warning: unused variable 'i' [-Wunused-variable]
  char str[] = "Omar Alaa"; int i=0;
                                ^
gcc -o "Unit2_Lesson8_Assignment 3.exe" main.o 
Info: Nothing to build for Unit2_Lesson8_Assignment 3
10:01:01 **** Incremental Build of configuration Debug for project Unit2_Lesson8_Assignment 3 ****
Info: Internal Builder is used for build
gcc -O0 -g3 -Wall -c -fmessage-length=0 -o main.o "..\\main.c" 
..\main.c: In function 'main':
..\main.c:13:32: warning: unused variable 'i' [-Wunused-variable]
  char str[] = "Omar Alaa"; int i=0;
                                ^
gcc -o "Unit2_Lesson8_Assignment 3.exe" main.o 
Info: Nothing to build for Unit2_Lesson8_Assignment 3
10:03:20 **** Incremental Build of configuration Debug for project Unit2_Lesson8_Assignment 3 ****
Info: Internal Builder is used for build
gcc -O0 -g3 -Wall -c -fmessage-length=0 -o main.o "..\\main.c" 
gcc -o "Unit2_Lesson8_Assignment 3.exe" main.o 
Info: Nothing to build for Unit2_Lesson8_Assignment 3
10:03:41 **** Incremental Build of configuration Debug for project Unit2_Lesson8_Assignment 3 ****
Info: Internal Builder is used for build
gcc -O0 -g3 -Wall -c -fmessage-length=0 -o main.o "..\\main.c" 
gcc -o "Unit2_Lesson8_Assignment 3.exe" main.o 
Info: Nothing to build for Unit2_Lesson8_Assignment 3
10:21:46 **** Rebuild of configuration Debug for project Unit2_Lesson8_Assignment 4 ****
Info: Internal Builder is used for build
gcc -O0 -g3 -Wall -c -fmessage-length=0 -o main.o "..\\main.c" 
gcc -o "Unit2_Lesson8_Assignment 4.exe" main.o 
Info: Nothing to build for Unit2_Lesson8_Assignment 4
10:23:38 **** Incremental Build of configuration Debug for project Unit2_Lesson8_Assignment 4 ****
Info: Internal Builder is used for build
gcc -O0 -g3 -Wall -c -fmessage-length=0 -o main.o "..\\main.c" 
gcc -o "Unit2_Lesson8_Assignment 4.exe" main.o 
Info: Nothing to build for Unit2_Lesson8_Assignment 4
19:51:33 **** Rebuild of configuration Debug for project Unit2_Lesson8_Assignment 5 ****
Info: Internal Builder is used for build
gcc -O0 -g3 -Wall -c -fmessage-length=0 -o main.o "..\\main.c" 
..\main.c: In function 'main':
..\main.c:25:10: warning: unused variable 'ptr' [-Wunused-variable]
  Emp* ((*ptr) [3]) = &arr;
          ^~~
gcc -o "Unit2_Lesson8_Assignment 5.exe" main.o 
19:56:39 **** Incremental Build of configuration Debug for project Unit2_Lesson8_Assignment 5 ****
Info: Internal Builder is used for build
gcc -O0 -g3 -Wall -c -fmessage-length=0 -o main.o "..\\main.c" 
..\main.c: In function 'main':
..\main.c:27:22: error: '*(Emp **)ptr' is a pointer; did you mean to use '->'?
  printf("%s",**ptr[0]->name);
                      ^~
                      ->
19:57:05 **** Incremental Build of configuration Debug for project Unit2_Lesson8_Assignment 5 ****
Info: Internal Builder is used for build
gcc -O0 -g3 -Wall -c -fmessage-length=0 -o main.o "..\\main.c" 
..\main.c: In function 'main':
..\main.c:25:10: warning: unused variable 'ptr' [-Wunused-variable]
  Emp* ((*ptr) [3]) = &arr;
          ^~~
gcc -o "Unit2_Lesson8_Assignment 5.exe" main.o 
19:57:55 **** Incremental Build of configuration Debug for project Unit2_Lesson8_Assignment 5 ****
Info: Internal Builder is used for build
gcc -O0 -g3 -Wall -c -fmessage-length=0 -o main.o "..\\main.c" 
..\main.c: In function 'main':
..\main.c:27:21: error: '*(Emp **)ptr' is a pointer; did you mean to use '->'?
  printf("%s",*ptr[0]->name);
                     ^~
                     ->
19:58:25 **** Incremental Build of configuration Debug for project Unit2_Lesson8_Assignment 5 ****
Info: Internal Builder is used for build
gcc -O0 -g3 -Wall -c -fmessage-length=0 -o main.o "..\\main.c" 
..\main.c: In function 'main':
..\main.c:27:17: error: request for member 'name' in something not a structure or union
  printf("%s",ptr->name);
                 ^~
19:58:36 **** Incremental Build of configuration Debug for project Unit2_Lesson8_Assignment 5 ****
Info: Internal Builder is used for build
gcc -O0 -g3 -Wall -c -fmessage-length=0 -o main.o "..\\main.c" 
..\main.c: In function 'main':
..\main.c:27:20: error: '*(Emp **)ptr' is a pointer; did you mean to use '->'?
  printf("%s",ptr[0]->name);
                    ^~
                    ->
20:00:32 **** Incremental Build of configuration Debug for project Unit2_Lesson8_Assignment 5 ****
Info: Internal Builder is used for build
gcc -O0 -g3 -Wall -c -fmessage-length=0 -o main.o "..\\main.c" 
..\main.c: In function 'main':
..\main.c:27:20: error: request for member 'name' in something not a structure or union
  printf("%s",***ptr->name);
                    ^~
20:00:38 **** Incremental Build of configuration Debug for project Unit2_Lesson8_Assignment 5 ****
Info: Internal Builder is used for build
gcc -O0 -g3 -Wall -c -fmessage-length=0 -o main.o "..\\main.c" 
..\main.c: In function 'main':
..\main.c:27:19: error: request for member 'name' in something not a structure or union
  printf("%s",**ptr->name);
                   ^~
20:00:43 **** Incremental Build of configuration Debug for project Unit2_Lesson8_Assignment 5 ****
Info: Internal Builder is used for build
gcc -O0 -g3 -Wall -c -fmessage-length=0 -o main.o "..\\main.c" 
..\main.c: In function 'main':
..\main.c:27:22: error: '*(Emp **)ptr' is a pointer; did you mean to use '->'?
  printf("%s",**ptr[0]->name);
                      ^~
                      ->
20:00:47 **** Incremental Build of configuration Debug for project Unit2_Lesson8_Assignment 5 ****
Info: Internal Builder is used for build
gcc -O0 -g3 -Wall -c -fmessage-length=0 -o main.o "..\\main.c" 
..\main.c: In function 'main':
..\main.c:27:23: error: '*(Emp **)ptr' is a pointer; did you mean to use '->'?
  printf("%s",***ptr[0]->name);
                       ^~
                       ->
20:00:50 **** Incremental Build of configuration Debug for project Unit2_Lesson8_Assignment 5 ****
Info: Internal Builder is used for build
gcc -O0 -g3 -Wall -c -fmessage-length=0 -o main.o "..\\main.c" 
..\main.c: In function 'main':
..\main.c:27:23: error: '*(Emp **)ptr' is a pointer; did you mean to use '->'?
  printf("%s",***ptr[0]->name);
                       ^~
                       ->
20:02:53 **** Incremental Build of configuration Debug for project Unit2_Lesson8_Assignment 5 ****
Info: Internal Builder is used for build
gcc -O0 -g3 -Wall -c -fmessage-length=0 -o main.o "..\\main.c" 
..\main.c: In function 'main':
..\main.c:27:11: warning: format '%s' expects argument of type 'char *', but argument 2 has type 'Emp {aka struct SData}' [-Wformat=]
  printf("%s",**(ptr[0]));
           ^
gcc -o "Unit2_Lesson8_Assignment 5.exe" main.o 
20:03:03 **** Incremental Build of configuration Debug for project Unit2_Lesson8_Assignment 5 ****
Info: Internal Builder is used for build
gcc -O0 -g3 -Wall -c -fmessage-length=0 -o main.o "..\\main.c" 
..\main.c: In function 'main':
..\main.c:27:24: error: '*(Emp **)ptr' is a pointer; did you mean to use '->'?
  printf("%s",**(ptr[0])->name);
                        ^~
                        ->
20:03:15 **** Incremental Build of configuration Debug for project Unit2_Lesson8_Assignment 5 ****
Info: Internal Builder is used for build
gcc -O0 -g3 -Wall -c -fmessage-length=0 -o main.o "..\\main.c" 
..\main.c: In function 'main':
..\main.c:27:24: error: '*(Emp **)ptr' is a pointer; did you mean to use '->'?
  printf("%s",**(ptr)[0]->name);
                        ^~
                        ->
20:03:16 **** Incremental Build of configuration Debug for project Unit2_Lesson8_Assignment 5 ****
Info: Internal Builder is used for build
gcc -O0 -g3 -Wall -c -fmessage-length=0 -o main.o "..\\main.c" 
..\main.c: In function 'main':
..\main.c:27:24: error: '*(Emp **)ptr' is a pointer; did you mean to use '->'?
  printf("%s",**(ptr)[0]->name);
                        ^~
                        ->
20:05:07 **** Incremental Build of configuration Debug for project Unit2_Lesson8_Assignment 5 ****
Info: Internal Builder is used for build
gcc -O0 -g3 -Wall -c -fmessage-length=0 -o main.o "..\\main.c" 
..\main.c: In function 'main':
..\main.c:27:11: warning: format '%s' expects argument of type 'char *', but argument 2 has type 'Emp {aka struct SData}' [-Wformat=]
  printf("%s",*(*ptr)[0]);
           ^
gcc -o "Unit2_Lesson8_Assignment 5.exe" main.o 
20:05:13 **** Incremental Build of configuration Debug for project Unit2_Lesson8_Assignment 5 ****
Info: Internal Builder is used for build
gcc -O0 -g3 -Wall -c -fmessage-length=0 -o main.o "..\\main.c" 
..\main.c: In function 'main':
..\main.c:27:11: warning: format '%s' expects argument of type 'char *', but argument 2 has type 'int' [-Wformat=]
  printf("%s",*(*ptr)[0]->name);
           ^
gcc -o "Unit2_Lesson8_Assignment 5.exe" main.o 
Info: Nothing to build for Unit2_Lesson8_Assignment 5
20:05:45 **** Incremental Build of configuration Debug for project Unit2_Lesson8_Assignment 5 ****
Info: Internal Builder is used for build
gcc -O0 -g3 -Wall -c -fmessage-length=0 -o main.o "..\\main.c" 
..\main.c: In function 'main':
..\main.c:25:10: warning: unused variable 'ptr' [-Wunused-variable]
  Emp* ((*ptr) [3]) = &arr;
          ^~~
gcc -o "Unit2_Lesson8_Assignment 5.exe" main.o 
