2023-11-24 15:50:45,724 [INFO] Activator:178 - 


2023-11-24 15:50:45,727 [INFO] Activator:179 - !SESSION log4j initialized
2023-11-24 15:50:55,215 [INFO] ApplicationProperties:181 - Using Application install path: C:\ST\STM32CubeIDE_1.4.0\STM32CubeIDE\plugins\com.st.stm32cube.common.mx_6.0.0.202007160824
2023-11-24 15:50:55,225 [INFO] DbMcusXml:70 - Set database path to: C:\ST\STM32CubeIDE_1.4.0\STM32CubeIDE\plugins\com.st.stm32cube.common.mx_6.0.0.202007160824\\db\/mcu/
2023-11-24 15:50:55,228 [INFO] DbBoardsPdsc:56 - Set plugin database path to: C:\ST\STM32CubeIDE_1.4.0\STM32CubeIDE\plugins\com.st.stm32cube.common.mx_6.0.0.202007160824\\db\/plugins/boardmanager/
2023-11-24 15:50:55,229 [INFO] DbMcus:258 - Set plugin images path to: C:\ST\STM32CubeIDE_1.4.0\STM32CubeIDE\plugins\com.st.stm32cube.common.mx_6.0.0.202007160824\\db\/plugins/mcufinder/images/
2023-11-24 15:50:55,229 [INFO] DbBoards:264 - Set plugin images path to: C:\ST\STM32CubeIDE_1.4.0\STM32CubeIDE\plugins\com.st.stm32cube.common.mx_6.0.0.202007160824\\db\/plugins/mcufinder/images/
2023-11-24 15:50:55,232 [INFO] DbExamples:326 - Set plugin images path to: C:\ST\STM32CubeIDE_1.4.0\STM32CubeIDE\plugins\com.st.stm32cube.common.mx_6.0.0.202007160824\\db\/plugins/mcufinder/images/
2023-11-24 15:50:55,239 [INFO] DbMcusDocs:112 - Set database path to: C:\Users\Dell\.stmcufinder\plugins\mcufinder//mcu/
2023-11-24 15:50:55,240 [INFO] DbMcusJson:63 - Set database path to: C:\Users\Dell\.stmcufinder\plugins\mcufinder//mcu/
2023-11-24 15:50:55,241 [INFO] DbBoardsDocs:112 - Set database path to: C:\Users\Dell\.stmcufinder\plugins\mcufinder//mcu/
2023-11-24 15:50:55,242 [INFO] DbBoardsJson:56 - Set database path to: C:\Users\Dell\.stmcufinder\plugins\mcufinder//mcu/
2023-11-24 15:51:06,319 [INFO] CrossReferenceDbSqlite:196 - Set database path to: C:\Users\Dell\.stmcufinder\plugins\mcufinder//mcu/cs/
2023-11-24 15:51:06,322 [INFO] DbExamplesSqlite:800 - Set database path to: C:\Users\Dell\.stmcufinder\plugins\mcufinder//mcu/
2023-11-24 15:51:06,458 [INFO] RulesReader:52 - Compatibility file has been processed (209 Rules)
2023-11-24 15:51:06,578 [INFO] MicroXplorer:564 - Detected Java Version = 1.8.0_252
2023-11-24 15:51:06,578 [INFO] DbMcusXml:70 - Set database path to: C:\ST\STM32CubeIDE_1.4.0\STM32CubeIDE\plugins\com.st.stm32cube.common.mx_6.0.0.202007160824\\db\/mcu/
2023-11-24 15:51:06,579 [INFO] DbBoardsPdsc:56 - Set plugin database path to: C:\ST\STM32CubeIDE_1.4.0\STM32CubeIDE\plugins\com.st.stm32cube.common.mx_6.0.0.202007160824\\db\/plugins/boardmanager/
2023-11-24 15:51:06,580 [INFO] DbMcus:258 - Set plugin images path to: C:\ST\STM32CubeIDE_1.4.0\STM32CubeIDE\plugins\com.st.stm32cube.common.mx_6.0.0.202007160824\\db\/plugins/mcufinder/images/
2023-11-24 15:51:06,580 [INFO] DbBoards:264 - Set plugin images path to: C:\ST\STM32CubeIDE_1.4.0\STM32CubeIDE\plugins\com.st.stm32cube.common.mx_6.0.0.202007160824\\db\/plugins/mcufinder/images/
2023-11-24 15:51:06,581 [INFO] DbExamples:326 - Set plugin images path to: C:\ST\STM32CubeIDE_1.4.0\STM32CubeIDE\plugins\com.st.stm32cube.common.mx_6.0.0.202007160824\\db\/plugins/mcufinder/images/
2023-11-24 15:51:06,581 [WARN] DbFile:36 - Overriding database path with different value: C:\Users\Dell\.stmcufinder\plugins\mcufinder/ => C:\Users\Dell\.stmcufinder\plugins\mcufinder
2023-11-24 15:51:06,581 [INFO] DbMcusDocs:112 - Set database path to: C:\Users\Dell\.stmcufinder\plugins\mcufinder//mcu/
2023-11-24 15:51:06,581 [WARN] DbFile:36 - Overriding database path with different value: C:\Users\Dell\.stmcufinder\plugins\mcufinder/ => C:\Users\Dell\.stmcufinder\plugins\mcufinder
2023-11-24 15:51:06,581 [INFO] DbMcusJson:63 - Set database path to: C:\Users\Dell\.stmcufinder\plugins\mcufinder//mcu/
2023-11-24 15:51:06,581 [WARN] DbFile:36 - Overriding database path with different value: C:\Users\Dell\.stmcufinder\plugins\mcufinder/ => C:\Users\Dell\.stmcufinder\plugins\mcufinder
2023-11-24 15:51:06,581 [INFO] DbBoardsDocs:112 - Set database path to: C:\Users\Dell\.stmcufinder\plugins\mcufinder//mcu/
2023-11-24 15:51:06,581 [WARN] DbFile:36 - Overriding database path with different value: C:\Users\Dell\.stmcufinder\plugins\mcufinder/ => C:\Users\Dell\.stmcufinder\plugins\mcufinder
2023-11-24 15:51:06,582 [INFO] DbBoardsJson:56 - Set database path to: C:\Users\Dell\.stmcufinder\plugins\mcufinder//mcu/
2023-11-24 15:51:06,582 [WARN] DbFile:36 - Overriding database path with different value: C:\Users\Dell\.stmcufinder\plugins\mcufinder/ => C:\Users\Dell\.stmcufinder\plugins\mcufinder
2023-11-24 15:51:06,582 [WARN] DbFile:36 - Overriding database path with different value: C:\Users\Dell\.stmcufinder\plugins\mcufinder/ => C:\Users\Dell\.stmcufinder\plugins\mcufinder
2023-11-24 15:51:06,584 [INFO] CrossReferenceDbSqlite:196 - Set database path to: C:\Users\Dell\.stmcufinder\plugins\mcufinder//mcu/cs/
2023-11-24 15:51:06,584 [WARN] DbFile:36 - Overriding database path with different value: C:\Users\Dell\.stmcufinder\plugins\mcufinder/ => C:\Users\Dell\.stmcufinder\plugins\mcufinder
2023-11-24 15:51:06,585 [INFO] DbExamplesSqlite:800 - Set database path to: C:\Users\Dell\.stmcufinder\plugins\mcufinder//mcu/
2023-11-24 15:51:06,664 [INFO] MainPanel:189 - HeapMemory: 268435456
2023-11-24 15:51:06,785 [INFO] DbMcusXml:70 - Set database path to: C:\ST\STM32CubeIDE_1.4.0\STM32CubeIDE\plugins\com.st.stm32cube.common.mx_6.0.0.202007160824\\db\/mcu/
2023-11-24 15:51:06,785 [INFO] DbBoardsPdsc:56 - Set plugin database path to: C:\ST\STM32CubeIDE_1.4.0\STM32CubeIDE\plugins\com.st.stm32cube.common.mx_6.0.0.202007160824\\db\/plugins/boardmanager/
2023-11-24 15:51:06,785 [INFO] DbMcus:258 - Set plugin images path to: C:\ST\STM32CubeIDE_1.4.0\STM32CubeIDE\plugins\com.st.stm32cube.common.mx_6.0.0.202007160824\\db\/plugins/mcufinder/images/
2023-11-24 15:51:06,786 [INFO] DbBoards:264 - Set plugin images path to: C:\ST\STM32CubeIDE_1.4.0\STM32CubeIDE\plugins\com.st.stm32cube.common.mx_6.0.0.202007160824\\db\/plugins/mcufinder/images/
2023-11-24 15:51:06,786 [INFO] DbExamples:326 - Set plugin images path to: C:\ST\STM32CubeIDE_1.4.0\STM32CubeIDE\plugins\com.st.stm32cube.common.mx_6.0.0.202007160824\\db\/plugins/mcufinder/images/
2023-11-24 15:51:06,786 [WARN] DbFile:36 - Overriding database path with different value: C:\Users\Dell\.stmcufinder\plugins\mcufinder/ => C:\Users\Dell\.stmcufinder\plugins\mcufinder
2023-11-24 15:51:06,787 [INFO] DbMcusDocs:112 - Set database path to: C:\Users\Dell\.stmcufinder\plugins\mcufinder//mcu/
2023-11-24 15:51:06,787 [WARN] DbFile:36 - Overriding database path with different value: C:\Users\Dell\.stmcufinder\plugins\mcufinder/ => C:\Users\Dell\.stmcufinder\plugins\mcufinder
2023-11-24 15:51:06,787 [INFO] DbMcusJson:63 - Set database path to: C:\Users\Dell\.stmcufinder\plugins\mcufinder//mcu/
2023-11-24 15:51:06,787 [WARN] DbFile:36 - Overriding database path with different value: C:\Users\Dell\.stmcufinder\plugins\mcufinder/ => C:\Users\Dell\.stmcufinder\plugins\mcufinder
2023-11-24 15:51:06,787 [INFO] DbBoardsDocs:112 - Set database path to: C:\Users\Dell\.stmcufinder\plugins\mcufinder//mcu/
2023-11-24 15:51:06,787 [WARN] DbFile:36 - Overriding database path with different value: C:\Users\Dell\.stmcufinder\plugins\mcufinder/ => C:\Users\Dell\.stmcufinder\plugins\mcufinder
2023-11-24 15:51:06,787 [INFO] DbBoardsJson:56 - Set database path to: C:\Users\Dell\.stmcufinder\plugins\mcufinder//mcu/
2023-11-24 15:51:06,787 [WARN] DbFile:36 - Overriding database path with different value: C:\Users\Dell\.stmcufinder\plugins\mcufinder/ => C:\Users\Dell\.stmcufinder\plugins\mcufinder
2023-11-24 15:51:06,788 [WARN] DbFile:36 - Overriding database path with different value: C:\Users\Dell\.stmcufinder\plugins\mcufinder/ => C:\Users\Dell\.stmcufinder\plugins\mcufinder
2023-11-24 15:51:06,790 [INFO] CrossReferenceDbSqlite:196 - Set database path to: C:\Users\Dell\.stmcufinder\plugins\mcufinder//mcu/cs/
2023-11-24 15:51:06,790 [WARN] DbFile:36 - Overriding database path with different value: C:\Users\Dell\.stmcufinder\plugins\mcufinder/ => C:\Users\Dell\.stmcufinder\plugins\mcufinder
2023-11-24 15:51:06,791 [INFO] DbExamplesSqlite:800 - Set database path to: C:\Users\Dell\.stmcufinder\plugins\mcufinder//mcu/
2023-11-24 15:51:06,815 [INFO] ApplicationProperties:181 - Using Application install path: C:\ST\STM32CubeIDE_1.4.0\STM32CubeIDE\plugins\com.st.stm32cube.common.mx_6.0.0.202007160824
2023-11-24 15:51:06,816 [INFO] PluginManage:178 - Search for loadable plugins [exclusion list=, ]
2023-11-24 15:51:06,819 [INFO] PluginManage:292 - Check plugin analytics
2023-11-24 15:51:06,990 [INFO] AnalyticsPlugin:203 - Accepted Software Licenses: 
2023-11-24 15:51:06,990 [INFO] AnalyticsPlugin:205 - Accepted CMSIS Pack Licenses: 
2023-11-24 15:51:06,991 [INFO] AnalyticsPlugin:207 - Accepted Firmware Licenses: 
2023-11-24 15:51:06,991 [INFO] PluginManage:342 - Loaded plugin analytics (category:tool,tabindex:-1)
2023-11-24 15:51:06,991 [INFO] PluginManage:292 - Check plugin clock
2023-11-24 15:51:07,013 [INFO] PluginManage:342 - Loaded plugin clock (category:base,tabindex:2)
2023-11-24 15:51:07,014 [INFO] PluginManage:292 - Check plugin ddr
2023-11-24 15:51:07,016 [INFO] PluginManage:342 - Loaded plugin ddr (category:tool,tabindex:6)
2023-11-24 15:51:07,017 [INFO] PluginManage:292 - Check plugin filemanager
2023-11-24 15:51:07,129 [INFO] PluginManage:342 - Loaded plugin filemanager (category:base,tabindex:10)
2023-11-24 15:51:07,129 [INFO] PluginManage:292 - Check plugin ipmanager
2023-11-24 15:51:07,135 [INFO] PluginManage:342 - Loaded plugin ipmanager (category:base,tabindex:5)
2023-11-24 15:51:07,136 [INFO] PluginManage:292 - Check plugin pinoutandconfiguration
2023-11-24 15:51:07,160 [INFO] PluginManage:342 - Loaded plugin pinoutandconfiguration (category:base,tabindex:1)
2023-11-24 15:51:07,160 [INFO] PluginManage:292 - Check plugin pinoutconfig
2023-11-24 15:51:07,198 [INFO] PluginManage:342 - Loaded plugin pinoutconfig (category:base,tabindex:0)
2023-11-24 15:51:07,198 [INFO] PluginManage:292 - Check plugin power
2023-11-24 15:51:07,217 [INFO] PluginManage:342 - Loaded plugin power (category:power,tabindex:4)
2023-11-24 15:51:07,218 [INFO] PluginManage:292 - Check plugin projectmanager
2023-11-24 15:51:07,237 [INFO] PluginManage:342 - Loaded plugin projectmanager (category:projectmanager,tabindex:3)
2023-11-24 15:51:07,237 [INFO] PluginManage:292 - Check plugin thirdparty
2023-11-24 15:51:07,403 [INFO] ThirdPartyDb:333 - Open Third Party DataBase File (C:/Users/Dell/.stm32cubemx/plugins/thirdparty/db/thirdparties_db.xml) : 70 ms. number of Sw pack : 52
2023-11-24 15:51:07,410 [INFO] PluginManage:342 - Loaded plugin thirdparty (category:base,tabindex:-1)
2023-11-24 15:51:07,411 [INFO] PluginManage:292 - Check plugin tools
2023-11-24 15:51:07,473 [INFO] PluginManage:342 - Loaded plugin tools (category:base,tabindex:7)
2023-11-24 15:51:07,473 [INFO] PluginManage:292 - Check plugin tutovideos
2023-11-24 15:51:07,673 [INFO] PluginManage:342 - Loaded plugin tutovideos (category:base,tabindex:-1)
2023-11-24 15:51:07,673 [INFO] PluginManage:292 - Check plugin updater
2023-11-24 15:51:07,741 [INFO] PluginManage:342 - Loaded plugin updater (category:base,tabindex:12)
2023-11-24 15:51:07,743 [INFO] PluginManage:265 - PluginManage : Loaded plugins [13]
2023-11-24 15:51:08,009 [INFO] PinOutPanel:1418 - setPackage(No Configuration,No Configuration)
2023-11-24 15:51:08,170 [INFO] IPUIPlugin:64 - create IPUIPlugin
2023-11-24 15:51:08,171 [INFO] PluginManager:200 - loadIPPluginJar : add adc
2023-11-24 15:51:08,240 [INFO] IPUIPlugin:64 - create IPUIPlugin
2023-11-24 15:51:08,241 [INFO] PluginManager:200 - loadIPPluginJar : add aes
2023-11-24 15:51:08,319 [INFO] IPUIPlugin:64 - create IPUIPlugin
2023-11-24 15:51:08,320 [INFO] PluginManager:200 - loadIPPluginJar : add can
2023-11-24 15:51:08,368 [INFO] IPUIPlugin:64 - create IPUIPlugin
2023-11-24 15:51:08,369 [INFO] PluginManager:200 - loadIPPluginJar : add comp
2023-11-24 15:51:08,425 [INFO] IPUIPlugin:64 - create IPUIPlugin
2023-11-24 15:51:08,425 [INFO] PluginManager:200 - loadIPPluginJar : add cryp
2023-11-24 15:51:08,469 [INFO] IPUIPlugin:64 - create IPUIPlugin
2023-11-24 15:51:08,470 [INFO] PluginManager:200 - loadIPPluginJar : add dfsdm
2023-11-24 15:51:08,484 [INFO] IPUIPlugin:64 - create IPUIPlugin
2023-11-24 15:51:08,485 [INFO] PluginManager:200 - loadIPPluginJar : add dma
2023-11-24 15:51:08,514 [INFO] IPUIPlugin:64 - create IPUIPlugin
2023-11-24 15:51:08,515 [INFO] PluginManager:200 - loadIPPluginJar : add fatfs
2023-11-24 15:51:08,566 [INFO] IPUIPlugin:64 - create IPUIPlugin
2023-11-24 15:51:08,566 [INFO] PluginManager:200 - loadIPPluginJar : add fmc
2023-11-24 15:51:08,582 [INFO] IPUIPlugin:64 - create IPUIPlugin
2023-11-24 15:51:08,583 [INFO] PluginManager:200 - loadIPPluginJar : add freertos
2023-11-24 15:51:08,609 [INFO] IPUIPlugin:64 - create IPUIPlugin
2023-11-24 15:51:08,609 [INFO] PluginManager:200 - loadIPPluginJar : add genericplugin
2023-11-24 15:51:08,690 [INFO] IPUIPlugin:64 - create IPUIPlugin
2023-11-24 15:51:08,691 [INFO] PluginManager:200 - loadIPPluginJar : add gfxmmu
2023-11-24 15:51:08,821 [INFO] IPUIPlugin:64 - create IPUIPlugin
2023-11-24 15:51:08,821 [INFO] PluginManager:200 - loadIPPluginJar : add gic
2023-11-24 15:51:08,832 [INFO] IPUIPlugin:64 - create IPUIPlugin
2023-11-24 15:51:08,833 [INFO] PluginManager:200 - loadIPPluginJar : add gpio
2023-11-24 15:51:08,891 [INFO] IPUIPlugin:64 - create IPUIPlugin
2023-11-24 15:51:08,891 [INFO] PluginManager:200 - loadIPPluginJar : add gtzc
2023-11-24 15:51:08,921 [INFO] IPUIPlugin:64 - create IPUIPlugin
2023-11-24 15:51:08,921 [INFO] PluginManager:200 - loadIPPluginJar : add hash
2023-11-24 15:51:08,973 [INFO] IPUIPlugin:64 - create IPUIPlugin
2023-11-24 15:51:08,973 [INFO] PluginManager:200 - loadIPPluginJar : add i2c
2023-11-24 15:51:09,013 [INFO] IPUIPlugin:64 - create IPUIPlugin
2023-11-24 15:51:09,013 [INFO] PluginManager:200 - loadIPPluginJar : add i2s
2023-11-24 15:51:09,023 [INFO] IPUIPlugin:64 - create IPUIPlugin
2023-11-24 15:51:09,023 [INFO] PluginManager:200 - loadIPPluginJar : add ipddr
2023-11-24 15:51:09,059 [INFO] IPUIPlugin:64 - create IPUIPlugin
2023-11-24 15:51:09,060 [INFO] PluginManager:200 - loadIPPluginJar : add ltdc
2023-11-24 15:51:09,071 [INFO] IPUIPlugin:64 - create IPUIPlugin
2023-11-24 15:51:09,071 [INFO] PluginManager:200 - loadIPPluginJar : add mdma
2023-11-24 15:51:09,080 [INFO] IPUIPlugin:64 - create IPUIPlugin
2023-11-24 15:51:09,081 [INFO] PluginManager:200 - loadIPPluginJar : add nvic
2023-11-24 15:51:09,116 [INFO] IPUIPlugin:64 - create IPUIPlugin
2023-11-24 15:51:09,116 [INFO] PluginManager:200 - loadIPPluginJar : add opamp
2023-11-24 15:51:09,174 [INFO] IPUIPlugin:64 - create IPUIPlugin
2023-11-24 15:51:09,174 [INFO] PluginManager:200 - loadIPPluginJar : add openamp
2023-11-24 15:51:09,217 [INFO] IPUIPlugin:64 - create IPUIPlugin
2023-11-24 15:51:09,218 [INFO] PluginManager:200 - loadIPPluginJar : add pdm2pcm
2023-11-24 15:51:09,230 [INFO] IPUIPlugin:64 - create IPUIPlugin
2023-11-24 15:51:09,231 [INFO] PluginManager:200 - loadIPPluginJar : add plateformsettings
2023-11-24 15:51:09,258 [INFO] IPUIPlugin:64 - create IPUIPlugin
2023-11-24 15:51:09,258 [INFO] PluginManager:200 - loadIPPluginJar : add quadspi
2023-11-24 15:51:09,268 [INFO] IPUIPlugin:64 - create IPUIPlugin
2023-11-24 15:51:09,269 [INFO] PluginManager:200 - loadIPPluginJar : add resmgrutility
2023-11-24 15:51:09,318 [INFO] IPUIPlugin:64 - create IPUIPlugin
2023-11-24 15:51:09,319 [INFO] PluginManager:200 - loadIPPluginJar : add sai
2023-11-24 15:51:09,355 [INFO] IPUIPlugin:64 - create IPUIPlugin
2023-11-24 15:51:09,355 [INFO] PluginManager:200 - loadIPPluginJar : add spi
2023-11-24 15:51:09,399 [INFO] IPUIPlugin:64 - create IPUIPlugin
2023-11-24 15:51:09,400 [INFO] PluginManager:200 - loadIPPluginJar : add stm32_wpan
2023-11-24 15:51:09,425 [INFO] IPUIPlugin:64 - create IPUIPlugin
2023-11-24 15:51:09,425 [INFO] PluginManager:200 - loadIPPluginJar : add tim
2023-11-24 15:51:09,480 [INFO] IPUIPlugin:64 - create IPUIPlugin
2023-11-24 15:51:09,480 [INFO] PluginManager:200 - loadIPPluginJar : add touchsensing
2023-11-24 15:51:09,507 [INFO] IPUIPlugin:64 - create IPUIPlugin
2023-11-24 15:51:09,508 [INFO] PluginManager:200 - loadIPPluginJar : add tracer_emb
2023-11-24 15:51:09,535 [INFO] IPUIPlugin:64 - create IPUIPlugin
2023-11-24 15:51:09,535 [INFO] PluginManager:200 - loadIPPluginJar : add ts
2023-11-24 15:51:09,561 [INFO] IPUIPlugin:64 - create IPUIPlugin
2023-11-24 15:51:09,561 [INFO] PluginManager:200 - loadIPPluginJar : add tsc
2023-11-24 15:51:09,585 [INFO] IPUIPlugin:64 - create IPUIPlugin
2023-11-24 15:51:09,585 [INFO] PluginManager:200 - loadIPPluginJar : add ucpd
2023-11-24 15:51:09,625 [INFO] IPUIPlugin:64 - create IPUIPlugin
2023-11-24 15:51:09,625 [INFO] PluginManager:200 - loadIPPluginJar : add usart
2023-11-24 15:51:10,292 [INFO] CubeProgrammer:457 - [DDR PANEL] - PathOfProgrammer: null
2023-11-24 15:51:10,921 [FATAL] Updater:282 - Updater called before beeing initialized
2023-11-24 15:51:11,060 [FATAL] Updater:282 - Updater called before beeing initialized
2023-11-24 15:51:11,060 [WARN] ThirdParty:775 - waiting for thirdparty lock release [close project]
2023-11-24 15:51:11,060 [INFO] ThirdParty:777 - entering critical section [close project]
2023-11-24 15:51:11,062 [INFO] ThirdParty:790 - exiting critical section [close project]
2023-11-24 15:51:11,064 [INFO] PinOutPanel:1418 - setPackage(No Configuration,No Configuration)
2023-11-24 15:51:11,065 [FATAL] Updater:282 - Updater called before beeing initialized
2023-11-24 15:51:11,074 [ERROR] Updater:967 - MainUpdater not yet initialized. External WinMGr cannot be set.
2023-11-24 15:51:11,076 [INFO] CubeProgrammer:457 - [DDR PANEL] - PathOfProgrammer: C:\ST\STM32CubeIDE_1.4.0\STM32CubeIDE\plugins\com.st.stm32cube.ide.mcu.externaltools.cubeprogrammer.win32_1.4.0.202007081208\tools\bin
2023-11-24 15:51:11,079 [INFO] ProgrammerExecThread:148 - [ProgrammerAPI] CubeProgrammer command construction: C:\ST\STM32CubeIDE_1.4.0\STM32CubeIDE\plugins\com.st.stm32cube.ide.mcu.externaltools.cubeprogrammer.win32_1.4.0.202007081208\tools\bin\STM32_Programmer_CLI.exe -l
2023-11-24 15:51:11,300 [INFO] MainDdrPanel:49 - [DDR PANEL] SETTER - Set cubeProgrammerPath to: C:\ST\STM32CubeIDE_1.4.0\STM32CubeIDE\plugins\com.st.stm32cube.ide.mcu.externaltools.cubeprogrammer.win32_1.4.0.202007081208\tools\bin
2023-11-24 15:51:11,396 [INFO] Updater:904 - Updater Version found : 6.0.0
2023-11-24 15:51:11,412 [INFO] ApplicationProperties:181 - Using Application install path: C:\ST\STM32CubeIDE_1.4.0\STM32CubeIDE\plugins\com.st.stm32cube.common.mx_6.0.0.202007160824
2023-11-24 15:51:13,586 [WARN] ServerAccessManage:1026 - Warning during Server Connexion :  timeout connect timed out
2023-11-24 15:51:15,589 [WARN] ServerAccessManage:1026 - Warning during Server Connexion :  timeout connect timed out
2023-11-24 15:51:28,677 [WARN] ServerAccessManage:1026 - Warning during Server Connexion :  timeout connect timed out
2023-11-24 15:51:30,688 [WARN] ServerAccessManage:1026 - Warning during Server Connexion :  timeout connect timed out
2023-11-24 15:51:30,689 [INFO] MainUpdater:2268 - connection check result : 22
2023-11-24 15:51:30,690 [INFO] MainUpdater:239 - Updater Check For Update Now.
2023-11-24 15:51:30,690 [INFO] MicroXplorer:414 - Change Database Version : DB.6.0.0
2023-11-24 15:51:30,776 [INFO] CheckServerUpdateThread:102 - End of CheckServer Thread
2023-11-24 15:51:31,464 [WARN] IntegrityCheckThread:61 - waiting for thirdparty lock release [integrity check]
2023-11-24 15:51:31,464 [INFO] IntegrityCheckThread:63 - entering critical section [integrity check]
2023-11-24 15:51:31,464 [WARN] MainUpdater:1087 - Updater busy. Cannot search thirdparties
2023-11-24 15:51:31,841 [WARN] ServerAccessManage:1026 - Warning during Server Connexion :  timeout connect timed out
2023-11-24 15:51:32,856 [WARN] ServerAccessManage:1026 - Warning during Server Connexion :  timeout connect timed out
2023-11-24 15:51:33,870 [WARN] ServerAccessManage:1026 - Warning during Server Connexion :  timeout connect timed out
2023-11-24 15:51:34,473 [WARN] MainUpdater:1087 - Updater busy. Cannot search thirdparties
2023-11-24 15:51:34,885 [WARN] ServerAccessManage:1026 - Warning during Server Connexion :  timeout connect timed out
2023-11-24 15:51:34,886 [INFO] MainUpdater:2268 - connection check result : 22
2023-11-24 15:51:37,882 [INFO] ThirdPartyDb:299 - Save Third Party DataBase File (C:/Users/Dell/.stm32cubemx/plugins/thirdparty/db/thirdparties_db.xml) [forced]
2023-11-24 15:51:37,955 [INFO] ThirdPartyDb:299 - Save Third Party DataBase File (C:/Users/Dell/.stm32cubemx/plugins/thirdparty/db/thirdparties_db.xml) [forced]
2023-11-24 15:51:38,017 [INFO] IntegrityCheckThread:76 - exiting critical section [integrity check]
2023-11-24 15:51:38,017 [INFO] IntegrityCheckThread:79 - End integrity checks thread
2023-11-24 15:52:13,976 [INFO] McuFinderGlobals:40 - Set McuFinder mode to 2 (CubeIDE integrated)
2023-11-24 15:52:14,137 [INFO] CrossSelectorPresenter:1330 - Cross Selector saved comparison directory: C:\Users\Dell\.stmcufinder\plugins\mcufinder\mcu\cs_comparisons_mx
2023-11-24 15:52:14,142 [INFO] MultiScanPanel:193 - Auto-refresh data requested => check proxy status ongoing
2023-11-24 15:52:14,144 [INFO] FinderPluginLoader:87 - Searching for filters in installed packs
2023-11-24 15:52:14,146 [INFO] DbMcusXml:100 - Load MCU database from C:\ST\STM32CubeIDE_1.4.0\STM32CubeIDE\plugins\com.st.stm32cube.common.mx_6.0.0.202007160824\\db\/mcu/families.xml
2023-11-24 15:52:14,797 [INFO] DbMcusJson:92 - JSON generation date=Tue Nov 16 18:17:54 EET 2021 (1637079474)
2023-11-24 15:52:15,510 [INFO] DbMcus:175 - Found 1761 MCUs (1722 are supported by CubeMX, 1911 are visible in CubeMX)
2023-11-24 15:52:15,512 [INFO] ApiDb:201 - Load user favorites file C:\Users\Dell/.stm32cubeide/favorites.mcus.txt: 0 item(s)
2023-11-24 15:52:15,512 [INFO] ApiDb:205 - User favorites MCUs=[]
2023-11-24 15:52:15,512 [INFO] DbMcus:187 - Set 0 / 0 favorites MCUs
2023-11-24 15:52:16,145 [INFO] McuFilterPanel:245 - Update 0 favorites MCUs
2023-11-24 15:52:16,237 [INFO] DbBoardsPdsc:94 - Found 23 items
2023-11-24 15:52:16,251 [INFO] DbBoardsPdsc:94 - Found 9 items
2023-11-24 15:52:16,266 [INFO] DbBoardsPdsc:94 - Found 29 items
2023-11-24 15:52:16,281 [INFO] DbBoardsPdsc:94 - Found 1 items
2023-11-24 15:52:16,302 [INFO] DbBoardsPdsc:94 - Found 44 items
2023-11-24 15:52:16,318 [INFO] DbBoardsPdsc:94 - Found 40 items
2023-11-24 15:52:16,329 [INFO] DbBoardsPdsc:94 - Found 2 items
2023-11-24 15:52:16,339 [INFO] DbBoardsPdsc:94 - Found 4 items
2023-11-24 15:52:16,347 [WARN] DbBoardsPdsc:258 - Board STM32H7B3I-DK: unknown feature type=Audio, name=, username=Audio stereo codec with Headphone Amp (CS42L51-CNZ), n=1
2023-11-24 15:52:16,348 [WARN] DbBoardsPdsc:258 - Board STM32H735G-DK: unknown feature type=Audio, name=, username=Audio stereo codec with Headphone Amp (WM8994ECS/R), n=1
2023-11-24 15:52:16,352 [WARN] DbBoardsPdsc:258 - Board STM32H7B3I-EVAL: unknown feature type=Audio, name=, username=Multi-Channel Audio Codec (CS42L51-CNZ), n=1
2023-11-24 15:52:16,353 [WARN] DbBoardsPdsc:258 - Board STM32H7B3I-EVAL: unknown feature type=Meter, name=, username=Power-metering and Temperature-monitoring with sigma-delta modulators, n=1
2023-11-24 15:52:16,353 [WARN] DbBoardsPdsc:258 - Board STM32H7B3I-EVAL: unknown feature type=Motor, name=, username=Motor Control, n=1
2023-11-24 15:52:16,387 [INFO] DbBoardsJson:85 - JSON generation date=Tue Nov 16 18:17:54 EET 2021 (1637079474)
2023-11-24 15:52:16,392 [INFO] DbBoards:117 - Found 166 boards (149 are supported by CubeMX)
2023-11-24 15:52:16,403 [INFO] DbBoardsDocs:145 - JSON generation date=Tue Nov 16 18:17:54 EET 2021 (1637079474)
2023-11-24 15:52:16,407 [INFO] DbBoardsDocs:81 - Found 209 boards documents
2023-11-24 15:52:16,408 [WARN] DbBoards:127 - board B-L475E-IOT01A2 has no document id list !
2023-11-24 15:52:16,409 [WARN] DbBoards:127 - board NUCLEO-H743ZI has no document id list !
2023-11-24 15:52:16,410 [WARN] DbBoards:127 - board P-NUCLEO-WB55-Nucleo has no document id list !
2023-11-24 15:52:16,411 [WARN] DbBoards:127 - board P-NUCLEO-WB55-USBDongle has no document id list !
2023-11-24 15:52:16,411 [WARN] DbBoards:127 - board STEVAL-BFA001V1B has no document id list !
2023-11-24 15:52:16,411 [WARN] DbBoards:127 - board STEVAL-BFA001V2B has no document id list !
2023-11-24 15:52:16,411 [WARN] DbBoards:127 - board STEVAL-IDP005V1 has no document id list !
2023-11-24 15:52:16,411 [WARN] DbBoards:127 - board STEVAL-IDP005V2 has no document id list !
2023-11-24 15:52:16,411 [WARN] DbBoards:127 - board STEVAL-MKSBOX1V1 has no document id list !
2023-11-24 15:52:16,411 [WARN] DbBoards:127 - board STEVAL-STWINKT1 has no document id list !
2023-11-24 15:52:16,411 [WARN] DbBoards:127 - board STEVAL-STWINKT1B has no document id list !
2023-11-24 15:52:16,412 [WARN] DbBoards:127 - board STM32439I-EVAL2 has no document id list !
2023-11-24 15:52:16,412 [WARN] DbBoards:127 - board STM32F401C-DISCO has no document id list !
2023-11-24 15:52:16,413 [WARN] DbBoards:127 - board STM32F769I-DISC1 has no document id list !
2023-11-24 15:52:16,413 [WARN] DbBoards:127 - board STM32G474E-EVAL1 has no document id list !
2023-11-24 15:52:16,413 [WARN] DbBoards:127 - board STM32H743I-EVAL2 has no document id list !
2023-11-24 15:52:16,413 [WARN] DbBoards:127 - board STM32H747I-DISC1 has no document id list !
2023-11-24 15:52:16,413 [WARN] DbBoards:127 - board STM32H753I-EVAL2 has no document id list !
2023-11-24 15:52:16,414 [WARN] DbBoards:127 - board STM32L-DISCOVERY has no document id list !
2023-11-24 15:52:16,473 [ERROR] DbBoards:189 - Image file not found for board B-L462E-CELL1: C:\ST\STM32CubeIDE_1.4.0\STM32CubeIDE\plugins\com.st.stm32cube.common.mx_6.0.0.202007160824\\db\/plugins/mcufinder/images/boards/B-L462E-CELL1_small.jpg
2023-11-24 15:52:16,513 [ERROR] DbBoards:189 - Image file not found for board B-U585I-IOT02A: C:\ST\STM32CubeIDE_1.4.0\STM32CubeIDE\plugins\com.st.stm32cube.common.mx_6.0.0.202007160824\\db\/plugins/mcufinder/images/boards/B-U585I-IOT02A_small.jpg
2023-11-24 15:52:16,574 [ERROR] DbBoards:189 - Image file not found for board NUCLEO-F413ZH: C:\ST\STM32CubeIDE_1.4.0\STM32CubeIDE\plugins\com.st.stm32cube.common.mx_6.0.0.202007160824\\db\/plugins/mcufinder/images/boards/nucleo-f413zh_small.jpg
2023-11-24 15:52:16,682 [ERROR] DbBoards:189 - Image file not found for board NUCLEO-L552ZE-Q: C:\ST\STM32CubeIDE_1.4.0\STM32CubeIDE\plugins\com.st.stm32cube.common.mx_6.0.0.202007160824\\db\/plugins/mcufinder/images/boards/nucleo_l552ze_q_small.jpg
2023-11-24 15:52:16,682 [ERROR] DbBoards:189 - Image file not found for board NUCLEO-U575ZI-Q: C:\ST\STM32CubeIDE_1.4.0\STM32CubeIDE\plugins\com.st.stm32cube.common.mx_6.0.0.202007160824\\db\/plugins/mcufinder/images/boards/nucleo-u575zi-q_small.jpg
2023-11-24 15:52:16,682 [ERROR] DbBoards:189 - Image file not found for board NUCLEO-WB15CC: C:\ST\STM32CubeIDE_1.4.0\STM32CubeIDE\plugins\com.st.stm32cube.common.mx_6.0.0.202007160824\\db\/plugins/mcufinder/images/boards/nucleo-wb15cc_small.jpg
2023-11-24 15:52:16,682 [ERROR] DbBoards:189 - Image file not found for board NUCLEO-WB55RG: C:\ST\STM32CubeIDE_1.4.0\STM32CubeIDE\plugins\com.st.stm32cube.common.mx_6.0.0.202007160824\\db\/plugins/mcufinder/images/boards/nucleo-wb55rg_small.jpg
2023-11-24 15:52:16,682 [ERROR] DbBoards:189 - Image file not found for board NUCLEO-WL55JC: C:\ST\STM32CubeIDE_1.4.0\STM32CubeIDE\plugins\com.st.stm32cube.common.mx_6.0.0.202007160824\\db\/plugins/mcufinder/images/boards/nucleo-wl55jc-small.jpg
2023-11-24 15:52:16,816 [ERROR] DbBoards:189 - Image file not found for board STEVAL-STWINKT1B: C:\ST\STM32CubeIDE_1.4.0\STM32CubeIDE\plugins\com.st.stm32cube.common.mx_6.0.0.202007160824\\db\/plugins/mcufinder/images/boards/steval-stwinkt1b_small.jpg
2023-11-24 15:52:17,078 [ERROR] DbBoards:189 - Image file not found for board STM32G0C1E-EV: C:\ST\STM32CubeIDE_1.4.0\STM32CubeIDE\plugins\com.st.stm32cube.common.mx_6.0.0.202007160824\\db\/plugins/mcufinder/images/boards/stm32g0c1e-eval_small.jpg
2023-11-24 15:52:17,146 [ERROR] DbBoards:189 - Image file not found for board STM32H7B3I-EVAL: C:\ST\STM32CubeIDE_1.4.0\STM32CubeIDE\plugins\com.st.stm32cube.common.mx_6.0.0.202007160824\\db\/plugins/mcufinder/images/boards/stm32h7b3ieval_small.jpg
2023-11-24 15:52:17,285 [ERROR] DbBoards:189 - Image file not found for board STM32U575I-EV: C:\ST\STM32CubeIDE_1.4.0\STM32CubeIDE\plugins\com.st.stm32cube.common.mx_6.0.0.202007160824\\db\/plugins/mcufinder/images/boards/stm32u575i-ev_small.jpg
2023-11-24 15:52:17,309 [ERROR] DbBoards:189 - Image file not found for board STM32WB5MM-DK: C:\ST\STM32CubeIDE_1.4.0\STM32CubeIDE\plugins\com.st.stm32cube.common.mx_6.0.0.202007160824\\db\/plugins/mcufinder/images/boards/STM32WB5MM-DK_small.jpg
2023-11-24 15:52:17,310 [INFO] ApiDb:201 - Load user favorites file C:\Users\Dell/.stm32cubeide/favorites.boards.txt: 0 item(s)
2023-11-24 15:52:17,310 [INFO] ApiDb:205 - User favorites Boards=[]
2023-11-24 15:52:17,310 [INFO] DbBoards:206 - Set 0 / 0 favorites Boards
2023-11-24 15:52:33,482 [INFO] DbMcusDocs:145 - JSON generation date=Tue Nov 16 18:17:54 EET 2021 (1637079474)
2023-11-24 15:52:33,842 [INFO] DbMcusDocs:81 - Found 682 MCUs documents
2023-11-24 15:53:00,896 [INFO] LogOutputStream:76 - [STDOUT_REDIRECT] withoutVersionV1.8.4
2023-11-24 15:53:00,896 [INFO] LogOutputStream:76 - [STDOUT_REDIRECT] withoutVersionV1.8.3
2023-11-24 15:53:00,896 [INFO] LogOutputStream:76 - [STDOUT_REDIRECT] withoutVersionV1.8.2
2023-11-24 15:53:00,897 [INFO] LogOutputStream:76 - [STDOUT_REDIRECT] withoutVersionV1.8.1
2023-11-24 15:53:00,897 [INFO] LogOutputStream:76 - [STDOUT_REDIRECT] withoutVersionV1.8.0
2023-11-24 15:53:05,035 [INFO] ApiDb:226 - Save user favorites file C:\Users\Dell/.stm32cubeide/favorites.mcus.txt: 0 item(s)
2023-11-24 15:53:05,035 [INFO] ApiDb:230 - User favorites MCUs=[]
