2023-10-13 14:17:10,510 [INFO] Activator:178 - 


2023-10-13 14:17:10,514 [INFO] Activator:179 - !SESSION log4j initialized
2023-10-13 14:17:25,793 [INFO] ApplicationProperties:181 - Using Application install path: C:\ST\STM32CubeIDE_1.4.0\STM32CubeIDE\plugins\com.st.stm32cube.common.mx_6.0.0.202007160824
2023-10-13 14:17:25,809 [INFO] DbMcusXml:70 - Set database path to: C:\ST\STM32CubeIDE_1.4.0\STM32CubeIDE\plugins\com.st.stm32cube.common.mx_6.0.0.202007160824\\db\/mcu/
2023-10-13 14:17:25,814 [INFO] DbBoardsPdsc:56 - Set plugin database path to: C:\ST\STM32CubeIDE_1.4.0\STM32CubeIDE\plugins\com.st.stm32cube.common.mx_6.0.0.202007160824\\db\/plugins/boardmanager/
2023-10-13 14:17:25,815 [INFO] DbMcus:258 - Set plugin images path to: C:\ST\STM32CubeIDE_1.4.0\STM32CubeIDE\plugins\com.st.stm32cube.common.mx_6.0.0.202007160824\\db\/plugins/mcufinder/images/
2023-10-13 14:17:25,815 [INFO] DbBoards:264 - Set plugin images path to: C:\ST\STM32CubeIDE_1.4.0\STM32CubeIDE\plugins\com.st.stm32cube.common.mx_6.0.0.202007160824\\db\/plugins/mcufinder/images/
2023-10-13 14:17:25,818 [INFO] DbExamples:326 - Set plugin images path to: C:\ST\STM32CubeIDE_1.4.0\STM32CubeIDE\plugins\com.st.stm32cube.common.mx_6.0.0.202007160824\\db\/plugins/mcufinder/images/
2023-10-13 14:17:25,829 [INFO] DbMcusDocs:112 - Set database path to: C:\Users\Dell\.stmcufinder\plugins\mcufinder//mcu/
2023-10-13 14:17:25,832 [INFO] DbMcusJson:63 - Set database path to: C:\Users\Dell\.stmcufinder\plugins\mcufinder//mcu/
2023-10-13 14:17:25,833 [INFO] DbBoardsDocs:112 - Set database path to: C:\Users\Dell\.stmcufinder\plugins\mcufinder//mcu/
2023-10-13 14:17:25,835 [INFO] DbBoardsJson:56 - Set database path to: C:\Users\Dell\.stmcufinder\plugins\mcufinder//mcu/
2023-10-13 14:17:25,841 [INFO] CrossReferenceDbSqlite:196 - Set database path to: C:\Users\Dell\.stmcufinder\plugins\mcufinder//mcu/cs/
2023-10-13 14:17:25,845 [INFO] DbExamplesSqlite:800 - Set database path to: C:\Users\Dell\.stmcufinder\plugins\mcufinder//mcu/
2023-10-13 14:17:25,989 [INFO] RulesReader:52 - Compatibility file has been processed (209 Rules)
2023-10-13 14:17:26,094 [INFO] MicroXplorer:564 - Detected Java Version = 1.8.0_252
2023-10-13 14:17:26,094 [INFO] DbMcusXml:70 - Set database path to: C:\ST\STM32CubeIDE_1.4.0\STM32CubeIDE\plugins\com.st.stm32cube.common.mx_6.0.0.202007160824\\db\/mcu/
2023-10-13 14:17:26,095 [INFO] DbBoardsPdsc:56 - Set plugin database path to: C:\ST\STM32CubeIDE_1.4.0\STM32CubeIDE\plugins\com.st.stm32cube.common.mx_6.0.0.202007160824\\db\/plugins/boardmanager/
2023-10-13 14:17:26,096 [INFO] DbMcus:258 - Set plugin images path to: C:\ST\STM32CubeIDE_1.4.0\STM32CubeIDE\plugins\com.st.stm32cube.common.mx_6.0.0.202007160824\\db\/plugins/mcufinder/images/
2023-10-13 14:17:26,096 [INFO] DbBoards:264 - Set plugin images path to: C:\ST\STM32CubeIDE_1.4.0\STM32CubeIDE\plugins\com.st.stm32cube.common.mx_6.0.0.202007160824\\db\/plugins/mcufinder/images/
2023-10-13 14:17:26,096 [INFO] DbExamples:326 - Set plugin images path to: C:\ST\STM32CubeIDE_1.4.0\STM32CubeIDE\plugins\com.st.stm32cube.common.mx_6.0.0.202007160824\\db\/plugins/mcufinder/images/
2023-10-13 14:17:26,096 [WARN] DbFile:36 - Overriding database path with different value: C:\Users\Dell\.stmcufinder\plugins\mcufinder/ => C:\Users\Dell\.stmcufinder\plugins\mcufinder
2023-10-13 14:17:26,097 [INFO] DbMcusDocs:112 - Set database path to: C:\Users\Dell\.stmcufinder\plugins\mcufinder//mcu/
2023-10-13 14:17:26,097 [WARN] DbFile:36 - Overriding database path with different value: C:\Users\Dell\.stmcufinder\plugins\mcufinder/ => C:\Users\Dell\.stmcufinder\plugins\mcufinder
2023-10-13 14:17:26,097 [INFO] DbMcusJson:63 - Set database path to: C:\Users\Dell\.stmcufinder\plugins\mcufinder//mcu/
2023-10-13 14:17:26,097 [WARN] DbFile:36 - Overriding database path with different value: C:\Users\Dell\.stmcufinder\plugins\mcufinder/ => C:\Users\Dell\.stmcufinder\plugins\mcufinder
2023-10-13 14:17:26,097 [INFO] DbBoardsDocs:112 - Set database path to: C:\Users\Dell\.stmcufinder\plugins\mcufinder//mcu/
2023-10-13 14:17:26,097 [WARN] DbFile:36 - Overriding database path with different value: C:\Users\Dell\.stmcufinder\plugins\mcufinder/ => C:\Users\Dell\.stmcufinder\plugins\mcufinder
2023-10-13 14:17:26,098 [INFO] DbBoardsJson:56 - Set database path to: C:\Users\Dell\.stmcufinder\plugins\mcufinder//mcu/
2023-10-13 14:17:26,098 [WARN] DbFile:36 - Overriding database path with different value: C:\Users\Dell\.stmcufinder\plugins\mcufinder/ => C:\Users\Dell\.stmcufinder\plugins\mcufinder
2023-10-13 14:17:26,098 [WARN] DbFile:36 - Overriding database path with different value: C:\Users\Dell\.stmcufinder\plugins\mcufinder/ => C:\Users\Dell\.stmcufinder\plugins\mcufinder
2023-10-13 14:17:26,102 [INFO] CrossReferenceDbSqlite:196 - Set database path to: C:\Users\Dell\.stmcufinder\plugins\mcufinder//mcu/cs/
2023-10-13 14:17:26,102 [WARN] DbFile:36 - Overriding database path with different value: C:\Users\Dell\.stmcufinder\plugins\mcufinder/ => C:\Users\Dell\.stmcufinder\plugins\mcufinder
2023-10-13 14:17:26,102 [INFO] DbExamplesSqlite:800 - Set database path to: C:\Users\Dell\.stmcufinder\plugins\mcufinder//mcu/
2023-10-13 14:17:26,184 [INFO] MainPanel:189 - HeapMemory: 268435456
2023-10-13 14:17:26,279 [INFO] DbMcusXml:70 - Set database path to: C:\ST\STM32CubeIDE_1.4.0\STM32CubeIDE\plugins\com.st.stm32cube.common.mx_6.0.0.202007160824\\db\/mcu/
2023-10-13 14:17:26,279 [INFO] DbBoardsPdsc:56 - Set plugin database path to: C:\ST\STM32CubeIDE_1.4.0\STM32CubeIDE\plugins\com.st.stm32cube.common.mx_6.0.0.202007160824\\db\/plugins/boardmanager/
2023-10-13 14:17:26,279 [INFO] DbMcus:258 - Set plugin images path to: C:\ST\STM32CubeIDE_1.4.0\STM32CubeIDE\plugins\com.st.stm32cube.common.mx_6.0.0.202007160824\\db\/plugins/mcufinder/images/
2023-10-13 14:17:26,279 [INFO] DbBoards:264 - Set plugin images path to: C:\ST\STM32CubeIDE_1.4.0\STM32CubeIDE\plugins\com.st.stm32cube.common.mx_6.0.0.202007160824\\db\/plugins/mcufinder/images/
2023-10-13 14:17:26,280 [INFO] DbExamples:326 - Set plugin images path to: C:\ST\STM32CubeIDE_1.4.0\STM32CubeIDE\plugins\com.st.stm32cube.common.mx_6.0.0.202007160824\\db\/plugins/mcufinder/images/
2023-10-13 14:17:26,280 [WARN] DbFile:36 - Overriding database path with different value: C:\Users\Dell\.stmcufinder\plugins\mcufinder/ => C:\Users\Dell\.stmcufinder\plugins\mcufinder
2023-10-13 14:17:26,280 [INFO] DbMcusDocs:112 - Set database path to: C:\Users\Dell\.stmcufinder\plugins\mcufinder//mcu/
2023-10-13 14:17:26,281 [WARN] DbFile:36 - Overriding database path with different value: C:\Users\Dell\.stmcufinder\plugins\mcufinder/ => C:\Users\Dell\.stmcufinder\plugins\mcufinder
2023-10-13 14:17:26,281 [INFO] DbMcusJson:63 - Set database path to: C:\Users\Dell\.stmcufinder\plugins\mcufinder//mcu/
2023-10-13 14:17:26,281 [WARN] DbFile:36 - Overriding database path with different value: C:\Users\Dell\.stmcufinder\plugins\mcufinder/ => C:\Users\Dell\.stmcufinder\plugins\mcufinder
2023-10-13 14:17:26,281 [INFO] DbBoardsDocs:112 - Set database path to: C:\Users\Dell\.stmcufinder\plugins\mcufinder//mcu/
2023-10-13 14:17:26,281 [WARN] DbFile:36 - Overriding database path with different value: C:\Users\Dell\.stmcufinder\plugins\mcufinder/ => C:\Users\Dell\.stmcufinder\plugins\mcufinder
2023-10-13 14:17:26,282 [INFO] DbBoardsJson:56 - Set database path to: C:\Users\Dell\.stmcufinder\plugins\mcufinder//mcu/
2023-10-13 14:17:26,282 [WARN] DbFile:36 - Overriding database path with different value: C:\Users\Dell\.stmcufinder\plugins\mcufinder/ => C:\Users\Dell\.stmcufinder\plugins\mcufinder
2023-10-13 14:17:26,282 [WARN] DbFile:36 - Overriding database path with different value: C:\Users\Dell\.stmcufinder\plugins\mcufinder/ => C:\Users\Dell\.stmcufinder\plugins\mcufinder
2023-10-13 14:17:26,286 [INFO] CrossReferenceDbSqlite:196 - Set database path to: C:\Users\Dell\.stmcufinder\plugins\mcufinder//mcu/cs/
2023-10-13 14:17:26,286 [WARN] DbFile:36 - Overriding database path with different value: C:\Users\Dell\.stmcufinder\plugins\mcufinder/ => C:\Users\Dell\.stmcufinder\plugins\mcufinder
2023-10-13 14:17:26,287 [INFO] DbExamplesSqlite:800 - Set database path to: C:\Users\Dell\.stmcufinder\plugins\mcufinder//mcu/
2023-10-13 14:17:26,308 [INFO] ApplicationProperties:181 - Using Application install path: C:\ST\STM32CubeIDE_1.4.0\STM32CubeIDE\plugins\com.st.stm32cube.common.mx_6.0.0.202007160824
2023-10-13 14:17:26,309 [INFO] PluginManage:178 - Search for loadable plugins [exclusion list=, ]
2023-10-13 14:17:26,311 [INFO] PluginManage:292 - Check plugin analytics
2023-10-13 14:17:26,525 [INFO] AnalyticsPlugin:203 - Accepted Software Licenses: 
2023-10-13 14:17:26,526 [INFO] AnalyticsPlugin:205 - Accepted CMSIS Pack Licenses: 
2023-10-13 14:17:26,526 [INFO] AnalyticsPlugin:207 - Accepted Firmware Licenses: 
2023-10-13 14:17:26,527 [INFO] PluginManage:342 - Loaded plugin analytics (category:tool,tabindex:-1)
2023-10-13 14:17:26,527 [INFO] PluginManage:292 - Check plugin clock
2023-10-13 14:17:26,567 [INFO] PluginManage:342 - Loaded plugin clock (category:base,tabindex:2)
2023-10-13 14:17:26,567 [INFO] PluginManage:292 - Check plugin ddr
2023-10-13 14:17:26,571 [INFO] PluginManage:342 - Loaded plugin ddr (category:tool,tabindex:6)
2023-10-13 14:17:26,571 [INFO] PluginManage:292 - Check plugin filemanager
2023-10-13 14:17:26,748 [INFO] PluginManage:342 - Loaded plugin filemanager (category:base,tabindex:10)
2023-10-13 14:17:26,749 [INFO] PluginManage:292 - Check plugin ipmanager
2023-10-13 14:17:26,759 [INFO] PluginManage:342 - Loaded plugin ipmanager (category:base,tabindex:5)
2023-10-13 14:17:26,760 [INFO] PluginManage:292 - Check plugin pinoutandconfiguration
2023-10-13 14:17:26,844 [INFO] PluginManage:342 - Loaded plugin pinoutandconfiguration (category:base,tabindex:1)
2023-10-13 14:17:26,844 [INFO] PluginManage:292 - Check plugin pinoutconfig
2023-10-13 14:17:26,904 [INFO] PluginManage:342 - Loaded plugin pinoutconfig (category:base,tabindex:0)
2023-10-13 14:17:26,904 [INFO] PluginManage:292 - Check plugin power
2023-10-13 14:17:26,933 [INFO] PluginManage:342 - Loaded plugin power (category:power,tabindex:4)
2023-10-13 14:17:26,933 [INFO] PluginManage:292 - Check plugin projectmanager
2023-10-13 14:17:26,959 [INFO] PluginManage:342 - Loaded plugin projectmanager (category:projectmanager,tabindex:3)
2023-10-13 14:17:26,960 [INFO] PluginManage:292 - Check plugin thirdparty
2023-10-13 14:17:27,158 [INFO] ThirdPartyDb:333 - Open Third Party DataBase File (C:/Users/Dell/.stm32cubemx/plugins/thirdparty/db/thirdparties_db.xml) : 67 ms. number of Sw pack : 50
2023-10-13 14:17:27,164 [INFO] PluginManage:342 - Loaded plugin thirdparty (category:base,tabindex:-1)
2023-10-13 14:17:27,164 [INFO] PluginManage:292 - Check plugin tools
2023-10-13 14:17:27,240 [INFO] PluginManage:342 - Loaded plugin tools (category:base,tabindex:7)
2023-10-13 14:17:27,240 [INFO] PluginManage:292 - Check plugin tutovideos
2023-10-13 14:17:27,514 [INFO] PluginManage:342 - Loaded plugin tutovideos (category:base,tabindex:-1)
2023-10-13 14:17:27,515 [INFO] PluginManage:292 - Check plugin updater
2023-10-13 14:17:27,529 [INFO] PluginManage:342 - Loaded plugin updater (category:base,tabindex:12)
2023-10-13 14:17:27,530 [INFO] PluginManage:265 - PluginManage : Loaded plugins [13]
2023-10-13 14:17:27,737 [INFO] PinOutPanel:1418 - setPackage(No Configuration,No Configuration)
2023-10-13 14:17:27,854 [INFO] IPUIPlugin:64 - create IPUIPlugin
2023-10-13 14:17:27,855 [INFO] PluginManager:200 - loadIPPluginJar : add adc
2023-10-13 14:17:27,903 [INFO] IPUIPlugin:64 - create IPUIPlugin
2023-10-13 14:17:27,903 [INFO] PluginManager:200 - loadIPPluginJar : add aes
2023-10-13 14:17:27,961 [INFO] IPUIPlugin:64 - create IPUIPlugin
2023-10-13 14:17:27,962 [INFO] PluginManager:200 - loadIPPluginJar : add can
2023-10-13 14:17:27,996 [INFO] IPUIPlugin:64 - create IPUIPlugin
2023-10-13 14:17:27,997 [INFO] PluginManager:200 - loadIPPluginJar : add comp
2023-10-13 14:17:28,034 [INFO] IPUIPlugin:64 - create IPUIPlugin
2023-10-13 14:17:28,034 [INFO] PluginManager:200 - loadIPPluginJar : add cryp
2023-10-13 14:17:28,072 [INFO] IPUIPlugin:64 - create IPUIPlugin
2023-10-13 14:17:28,073 [INFO] PluginManager:200 - loadIPPluginJar : add dfsdm
2023-10-13 14:17:28,089 [INFO] IPUIPlugin:64 - create IPUIPlugin
2023-10-13 14:17:28,090 [INFO] PluginManager:200 - loadIPPluginJar : add dma
2023-10-13 14:17:28,122 [INFO] IPUIPlugin:64 - create IPUIPlugin
2023-10-13 14:17:28,122 [INFO] PluginManager:200 - loadIPPluginJar : add fatfs
2023-10-13 14:17:28,184 [INFO] IPUIPlugin:64 - create IPUIPlugin
2023-10-13 14:17:28,184 [INFO] PluginManager:200 - loadIPPluginJar : add fmc
2023-10-13 14:17:28,201 [INFO] IPUIPlugin:64 - create IPUIPlugin
2023-10-13 14:17:28,201 [INFO] PluginManager:200 - loadIPPluginJar : add freertos
2023-10-13 14:17:28,234 [INFO] IPUIPlugin:64 - create IPUIPlugin
2023-10-13 14:17:28,234 [INFO] PluginManager:200 - loadIPPluginJar : add genericplugin
2023-10-13 14:17:28,331 [INFO] IPUIPlugin:64 - create IPUIPlugin
2023-10-13 14:17:28,331 [INFO] PluginManager:200 - loadIPPluginJar : add gfxmmu
2023-10-13 14:17:28,457 [INFO] IPUIPlugin:64 - create IPUIPlugin
2023-10-13 14:17:28,458 [INFO] PluginManager:200 - loadIPPluginJar : add gic
2023-10-13 14:17:28,471 [INFO] IPUIPlugin:64 - create IPUIPlugin
2023-10-13 14:17:28,471 [INFO] PluginManager:200 - loadIPPluginJar : add gpio
2023-10-13 14:17:28,539 [INFO] IPUIPlugin:64 - create IPUIPlugin
2023-10-13 14:17:28,539 [INFO] PluginManager:200 - loadIPPluginJar : add gtzc
2023-10-13 14:17:28,575 [INFO] IPUIPlugin:64 - create IPUIPlugin
2023-10-13 14:17:28,576 [INFO] PluginManager:200 - loadIPPluginJar : add hash
2023-10-13 14:17:28,634 [INFO] IPUIPlugin:64 - create IPUIPlugin
2023-10-13 14:17:28,635 [INFO] PluginManager:200 - loadIPPluginJar : add i2c
2023-10-13 14:17:28,682 [INFO] IPUIPlugin:64 - create IPUIPlugin
2023-10-13 14:17:28,682 [INFO] PluginManager:200 - loadIPPluginJar : add i2s
2023-10-13 14:17:28,694 [INFO] IPUIPlugin:64 - create IPUIPlugin
2023-10-13 14:17:28,694 [INFO] PluginManager:200 - loadIPPluginJar : add ipddr
2023-10-13 14:17:28,746 [INFO] IPUIPlugin:64 - create IPUIPlugin
2023-10-13 14:17:28,747 [INFO] PluginManager:200 - loadIPPluginJar : add ltdc
2023-10-13 14:17:28,761 [INFO] IPUIPlugin:64 - create IPUIPlugin
2023-10-13 14:17:28,761 [INFO] PluginManager:200 - loadIPPluginJar : add mdma
2023-10-13 14:17:28,777 [INFO] IPUIPlugin:64 - create IPUIPlugin
2023-10-13 14:17:28,777 [INFO] PluginManager:200 - loadIPPluginJar : add nvic
2023-10-13 14:17:28,834 [INFO] IPUIPlugin:64 - create IPUIPlugin
2023-10-13 14:17:28,834 [INFO] PluginManager:200 - loadIPPluginJar : add opamp
2023-10-13 14:17:28,914 [INFO] IPUIPlugin:64 - create IPUIPlugin
2023-10-13 14:17:28,915 [INFO] PluginManager:200 - loadIPPluginJar : add openamp
2023-10-13 14:17:28,965 [INFO] IPUIPlugin:64 - create IPUIPlugin
2023-10-13 14:17:28,965 [INFO] PluginManager:200 - loadIPPluginJar : add pdm2pcm
2023-10-13 14:17:28,980 [INFO] IPUIPlugin:64 - create IPUIPlugin
2023-10-13 14:17:28,983 [INFO] PluginManager:200 - loadIPPluginJar : add plateformsettings
2023-10-13 14:17:29,014 [INFO] IPUIPlugin:64 - create IPUIPlugin
2023-10-13 14:17:29,015 [INFO] PluginManager:200 - loadIPPluginJar : add quadspi
2023-10-13 14:17:29,028 [INFO] IPUIPlugin:64 - create IPUIPlugin
2023-10-13 14:17:29,028 [INFO] PluginManager:200 - loadIPPluginJar : add resmgrutility
2023-10-13 14:17:29,091 [INFO] IPUIPlugin:64 - create IPUIPlugin
2023-10-13 14:17:29,091 [INFO] PluginManager:200 - loadIPPluginJar : add sai
2023-10-13 14:17:29,137 [INFO] IPUIPlugin:64 - create IPUIPlugin
2023-10-13 14:17:29,137 [INFO] PluginManager:200 - loadIPPluginJar : add spi
2023-10-13 14:17:29,193 [INFO] IPUIPlugin:64 - create IPUIPlugin
2023-10-13 14:17:29,193 [INFO] PluginManager:200 - loadIPPluginJar : add stm32_wpan
2023-10-13 14:17:29,225 [INFO] IPUIPlugin:64 - create IPUIPlugin
2023-10-13 14:17:29,226 [INFO] PluginManager:200 - loadIPPluginJar : add tim
2023-10-13 14:17:29,293 [INFO] IPUIPlugin:64 - create IPUIPlugin
2023-10-13 14:17:29,294 [INFO] PluginManager:200 - loadIPPluginJar : add touchsensing
2023-10-13 14:17:29,324 [INFO] IPUIPlugin:64 - create IPUIPlugin
2023-10-13 14:17:29,325 [INFO] PluginManager:200 - loadIPPluginJar : add tracer_emb
2023-10-13 14:17:29,358 [INFO] IPUIPlugin:64 - create IPUIPlugin
2023-10-13 14:17:29,358 [INFO] PluginManager:200 - loadIPPluginJar : add ts
2023-10-13 14:17:29,391 [INFO] IPUIPlugin:64 - create IPUIPlugin
2023-10-13 14:17:29,391 [INFO] PluginManager:200 - loadIPPluginJar : add tsc
2023-10-13 14:17:29,423 [INFO] IPUIPlugin:64 - create IPUIPlugin
2023-10-13 14:17:29,423 [INFO] PluginManager:200 - loadIPPluginJar : add ucpd
2023-10-13 14:17:29,478 [INFO] IPUIPlugin:64 - create IPUIPlugin
2023-10-13 14:17:29,478 [INFO] PluginManager:200 - loadIPPluginJar : add usart
2023-10-13 14:17:30,253 [INFO] CubeProgrammer:457 - [DDR PANEL] - PathOfProgrammer: null
2023-10-13 14:17:31,050 [FATAL] Updater:282 - Updater called before beeing initialized
2023-10-13 14:17:31,332 [FATAL] Updater:282 - Updater called before beeing initialized
2023-10-13 14:17:31,332 [WARN] ThirdParty:775 - waiting for thirdparty lock release [close project]
2023-10-13 14:17:31,333 [INFO] ThirdParty:777 - entering critical section [close project]
2023-10-13 14:17:31,334 [INFO] ThirdParty:790 - exiting critical section [close project]
2023-10-13 14:17:31,338 [INFO] PinOutPanel:1418 - setPackage(No Configuration,No Configuration)
2023-10-13 14:17:31,339 [FATAL] Updater:282 - Updater called before beeing initialized
2023-10-13 14:17:31,357 [ERROR] Updater:967 - MainUpdater not yet initialized. External WinMGr cannot be set.
2023-10-13 14:17:31,359 [INFO] CubeProgrammer:457 - [DDR PANEL] - PathOfProgrammer: C:\ST\STM32CubeIDE_1.4.0\STM32CubeIDE\plugins\com.st.stm32cube.ide.mcu.externaltools.cubeprogrammer.win32_1.4.0.202007081208\tools\bin
2023-10-13 14:17:31,365 [INFO] ProgrammerExecThread:148 - [ProgrammerAPI] CubeProgrammer command construction: C:\ST\STM32CubeIDE_1.4.0\STM32CubeIDE\plugins\com.st.stm32cube.ide.mcu.externaltools.cubeprogrammer.win32_1.4.0.202007081208\tools\bin\STM32_Programmer_CLI.exe -l
2023-10-13 14:17:31,701 [INFO] MainDdrPanel:49 - [DDR PANEL] SETTER - Set cubeProgrammerPath to: C:\ST\STM32CubeIDE_1.4.0\STM32CubeIDE\plugins\com.st.stm32cube.ide.mcu.externaltools.cubeprogrammer.win32_1.4.0.202007081208\tools\bin
2023-10-13 14:17:31,947 [INFO] Updater:904 - Updater Version found : 6.0.0
2023-10-13 14:17:31,970 [INFO] ApplicationProperties:181 - Using Application install path: C:\ST\STM32CubeIDE_1.4.0\STM32CubeIDE\plugins\com.st.stm32cube.common.mx_6.0.0.202007160824
2023-10-13 14:17:34,140 [WARN] ServerAccessManage:1026 - Warning during Server Connexion :  timeout connect timed out
2023-10-13 14:17:36,151 [WARN] ServerAccessManage:1026 - Warning during Server Connexion :  timeout connect timed out
2023-10-13 14:17:38,176 [WARN] ServerAccessManage:1026 - Warning during Server Connexion :  timeout connect timed out
2023-10-13 14:17:40,187 [WARN] ServerAccessManage:1026 - Warning during Server Connexion :  timeout connect timed out
2023-10-13 14:17:40,191 [INFO] MainUpdater:2268 - connection check result : 22
2023-10-13 14:17:40,192 [INFO] MainUpdater:239 - Updater Check For Update Now.
2023-10-13 14:17:40,193 [INFO] MicroXplorer:414 - Change Database Version : DB.6.0.0
2023-10-13 14:17:40,313 [INFO] CheckServerUpdateThread:102 - End of CheckServer Thread
2023-10-13 14:17:41,358 [WARN] ServerAccessManage:1026 - Warning during Server Connexion :  timeout connect timed out
2023-10-13 14:17:42,195 [WARN] IntegrityCheckThread:61 - waiting for thirdparty lock release [integrity check]
2023-10-13 14:17:42,195 [INFO] IntegrityCheckThread:63 - entering critical section [integrity check]
2023-10-13 14:17:42,196 [WARN] MainUpdater:1087 - Updater busy. Cannot search thirdparties
2023-10-13 14:17:42,367 [WARN] ServerAccessManage:1026 - Warning during Server Connexion :  timeout connect timed out
2023-10-13 14:17:43,378 [WARN] ServerAccessManage:1026 - Warning during Server Connexion :  timeout connect timed out
2023-10-13 14:17:44,390 [WARN] ServerAccessManage:1026 - Warning during Server Connexion :  timeout connect timed out
2023-10-13 14:17:44,394 [INFO] MainUpdater:2268 - connection check result : 22
2023-10-13 14:17:45,670 [INFO] ThirdPartyDb:299 - Save Third Party DataBase File (C:/Users/Dell/.stm32cubemx/plugins/thirdparty/db/thirdparties_db.xml) [forced]
2023-10-13 14:17:45,750 [INFO] ThirdPartyDb:299 - Save Third Party DataBase File (C:/Users/Dell/.stm32cubemx/plugins/thirdparty/db/thirdparties_db.xml) [forced]
2023-10-13 14:17:45,811 [INFO] IntegrityCheckThread:76 - exiting critical section [integrity check]
2023-10-13 14:17:45,811 [INFO] IntegrityCheckThread:79 - End integrity checks thread
2023-10-13 14:17:48,394 [INFO] McuFinderGlobals:40 - Set McuFinder mode to 2 (CubeIDE integrated)
2023-10-13 14:17:48,566 [INFO] CrossSelectorPresenter:1330 - Cross Selector saved comparison directory: C:\Users\Dell\.stmcufinder\plugins\mcufinder\mcu\cs_comparisons_mx
2023-10-13 14:17:48,572 [INFO] MultiScanPanel:193 - Auto-refresh data requested => check proxy status ongoing
2023-10-13 14:17:48,575 [INFO] FinderPluginLoader:87 - Searching for filters in installed packs
2023-10-13 14:17:48,577 [INFO] DbMcusXml:100 - Load MCU database from C:\ST\STM32CubeIDE_1.4.0\STM32CubeIDE\plugins\com.st.stm32cube.common.mx_6.0.0.202007160824\\db\/mcu/families.xml
2023-10-13 14:17:49,478 [INFO] DbMcusJson:92 - JSON generation date=Tue Nov 16 18:17:54 EET 2021 (1637079474)
2023-10-13 14:17:50,483 [INFO] DbMcus:175 - Found 1761 MCUs (1722 are supported by CubeMX, 1911 are visible in CubeMX)
2023-10-13 14:17:50,485 [INFO] ApiDb:201 - Load user favorites file C:\Users\Dell/.stm32cubeide/favorites.mcus.txt: 0 item(s)
2023-10-13 14:17:50,485 [INFO] ApiDb:205 - User favorites MCUs=[]
2023-10-13 14:17:50,485 [INFO] DbMcus:187 - Set 0 / 0 favorites MCUs
2023-10-13 14:17:51,454 [INFO] McuFilterPanel:245 - Update 0 favorites MCUs
2023-10-13 14:17:51,563 [INFO] DbBoardsPdsc:94 - Found 23 items
2023-10-13 14:17:51,576 [INFO] DbBoardsPdsc:94 - Found 9 items
2023-10-13 14:17:51,591 [INFO] DbBoardsPdsc:94 - Found 29 items
2023-10-13 14:17:51,604 [INFO] DbBoardsPdsc:94 - Found 1 items
2023-10-13 14:17:51,622 [INFO] DbBoardsPdsc:94 - Found 44 items
2023-10-13 14:17:51,642 [INFO] DbBoardsPdsc:94 - Found 40 items
2023-10-13 14:17:51,654 [INFO] DbBoardsPdsc:94 - Found 2 items
2023-10-13 14:17:51,665 [INFO] DbBoardsPdsc:94 - Found 4 items
2023-10-13 14:17:51,674 [WARN] DbBoardsPdsc:258 - Board STM32H7B3I-DK: unknown feature type=Audio, name=, username=Audio stereo codec with Headphone Amp (CS42L51-CNZ), n=1
2023-10-13 14:17:51,675 [WARN] DbBoardsPdsc:258 - Board STM32H735G-DK: unknown feature type=Audio, name=, username=Audio stereo codec with Headphone Amp (WM8994ECS/R), n=1
2023-10-13 14:17:51,679 [WARN] DbBoardsPdsc:258 - Board STM32H7B3I-EVAL: unknown feature type=Audio, name=, username=Multi-Channel Audio Codec (CS42L51-CNZ), n=1
2023-10-13 14:17:51,679 [WARN] DbBoardsPdsc:258 - Board STM32H7B3I-EVAL: unknown feature type=Meter, name=, username=Power-metering and Temperature-monitoring with sigma-delta modulators, n=1
2023-10-13 14:17:51,679 [WARN] DbBoardsPdsc:258 - Board STM32H7B3I-EVAL: unknown feature type=Motor, name=, username=Motor Control, n=1
2023-10-13 14:17:51,722 [INFO] DbBoardsJson:85 - JSON generation date=Tue Nov 16 18:17:54 EET 2021 (1637079474)
2023-10-13 14:17:51,727 [INFO] DbBoards:117 - Found 166 boards (149 are supported by CubeMX)
2023-10-13 14:17:51,739 [INFO] DbBoardsDocs:145 - JSON generation date=Tue Nov 16 18:17:54 EET 2021 (1637079474)
2023-10-13 14:17:51,745 [INFO] DbBoardsDocs:81 - Found 209 boards documents
2023-10-13 14:17:51,746 [WARN] DbBoards:127 - board B-L475E-IOT01A2 has no document id list !
2023-10-13 14:17:51,747 [WARN] DbBoards:127 - board NUCLEO-H743ZI has no document id list !
2023-10-13 14:17:51,749 [WARN] DbBoards:127 - board P-NUCLEO-WB55-Nucleo has no document id list !
2023-10-13 14:17:51,749 [WARN] DbBoards:127 - board P-NUCLEO-WB55-USBDongle has no document id list !
2023-10-13 14:17:51,749 [WARN] DbBoards:127 - board STEVAL-BFA001V1B has no document id list !
2023-10-13 14:17:51,749 [WARN] DbBoards:127 - board STEVAL-BFA001V2B has no document id list !
2023-10-13 14:17:51,749 [WARN] DbBoards:127 - board STEVAL-IDP005V1 has no document id list !
2023-10-13 14:17:51,749 [WARN] DbBoards:127 - board STEVAL-IDP005V2 has no document id list !
2023-10-13 14:17:51,749 [WARN] DbBoards:127 - board STEVAL-MKSBOX1V1 has no document id list !
2023-10-13 14:17:51,749 [WARN] DbBoards:127 - board STEVAL-STWINKT1 has no document id list !
2023-10-13 14:17:51,749 [WARN] DbBoards:127 - board STEVAL-STWINKT1B has no document id list !
2023-10-13 14:17:51,750 [WARN] DbBoards:127 - board STM32439I-EVAL2 has no document id list !
2023-10-13 14:17:51,750 [WARN] DbBoards:127 - board STM32F401C-DISCO has no document id list !
2023-10-13 14:17:51,751 [WARN] DbBoards:127 - board STM32F769I-DISC1 has no document id list !
2023-10-13 14:17:51,751 [WARN] DbBoards:127 - board STM32G474E-EVAL1 has no document id list !
2023-10-13 14:17:51,752 [WARN] DbBoards:127 - board STM32H743I-EVAL2 has no document id list !
2023-10-13 14:17:51,752 [WARN] DbBoards:127 - board STM32H747I-DISC1 has no document id list !
2023-10-13 14:17:51,752 [WARN] DbBoards:127 - board STM32H753I-EVAL2 has no document id list !
2023-10-13 14:17:51,752 [WARN] DbBoards:127 - board STM32L-DISCOVERY has no document id list !
2023-10-13 14:17:51,845 [ERROR] DbBoards:189 - Image file not found for board B-L462E-CELL1: C:\ST\STM32CubeIDE_1.4.0\STM32CubeIDE\plugins\com.st.stm32cube.common.mx_6.0.0.202007160824\\db\/plugins/mcufinder/images/boards/B-L462E-CELL1_small.jpg
2023-10-13 14:17:51,908 [ERROR] DbBoards:189 - Image file not found for board B-U585I-IOT02A: C:\ST\STM32CubeIDE_1.4.0\STM32CubeIDE\plugins\com.st.stm32cube.common.mx_6.0.0.202007160824\\db\/plugins/mcufinder/images/boards/B-U585I-IOT02A_small.jpg
2023-10-13 14:17:52,009 [ERROR] DbBoards:189 - Image file not found for board NUCLEO-F413ZH: C:\ST\STM32CubeIDE_1.4.0\STM32CubeIDE\plugins\com.st.stm32cube.common.mx_6.0.0.202007160824\\db\/plugins/mcufinder/images/boards/nucleo-f413zh_small.jpg
2023-10-13 14:17:52,176 [ERROR] DbBoards:189 - Image file not found for board NUCLEO-L552ZE-Q: C:\ST\STM32CubeIDE_1.4.0\STM32CubeIDE\plugins\com.st.stm32cube.common.mx_6.0.0.202007160824\\db\/plugins/mcufinder/images/boards/nucleo_l552ze_q_small.jpg
2023-10-13 14:17:52,176 [ERROR] DbBoards:189 - Image file not found for board NUCLEO-U575ZI-Q: C:\ST\STM32CubeIDE_1.4.0\STM32CubeIDE\plugins\com.st.stm32cube.common.mx_6.0.0.202007160824\\db\/plugins/mcufinder/images/boards/nucleo-u575zi-q_small.jpg
2023-10-13 14:17:52,177 [ERROR] DbBoards:189 - Image file not found for board NUCLEO-WB15CC: C:\ST\STM32CubeIDE_1.4.0\STM32CubeIDE\plugins\com.st.stm32cube.common.mx_6.0.0.202007160824\\db\/plugins/mcufinder/images/boards/nucleo-wb15cc_small.jpg
2023-10-13 14:17:52,177 [ERROR] DbBoards:189 - Image file not found for board NUCLEO-WB55RG: C:\ST\STM32CubeIDE_1.4.0\STM32CubeIDE\plugins\com.st.stm32cube.common.mx_6.0.0.202007160824\\db\/plugins/mcufinder/images/boards/nucleo-wb55rg_small.jpg
2023-10-13 14:17:52,177 [ERROR] DbBoards:189 - Image file not found for board NUCLEO-WL55JC: C:\ST\STM32CubeIDE_1.4.0\STM32CubeIDE\plugins\com.st.stm32cube.common.mx_6.0.0.202007160824\\db\/plugins/mcufinder/images/boards/nucleo-wl55jc-small.jpg
2023-10-13 14:17:52,521 [ERROR] DbBoards:189 - Image file not found for board STEVAL-STWINKT1B: C:\ST\STM32CubeIDE_1.4.0\STM32CubeIDE\plugins\com.st.stm32cube.common.mx_6.0.0.202007160824\\db\/plugins/mcufinder/images/boards/steval-stwinkt1b_small.jpg
2023-10-13 14:17:52,944 [ERROR] DbBoards:189 - Image file not found for board STM32G0C1E-EV: C:\ST\STM32CubeIDE_1.4.0\STM32CubeIDE\plugins\com.st.stm32cube.common.mx_6.0.0.202007160824\\db\/plugins/mcufinder/images/boards/stm32g0c1e-eval_small.jpg
2023-10-13 14:17:53,190 [ERROR] DbBoards:189 - Image file not found for board STM32H7B3I-EVAL: C:\ST\STM32CubeIDE_1.4.0\STM32CubeIDE\plugins\com.st.stm32cube.common.mx_6.0.0.202007160824\\db\/plugins/mcufinder/images/boards/stm32h7b3ieval_small.jpg
2023-10-13 14:17:53,710 [ERROR] DbBoards:189 - Image file not found for board STM32U575I-EV: C:\ST\STM32CubeIDE_1.4.0\STM32CubeIDE\plugins\com.st.stm32cube.common.mx_6.0.0.202007160824\\db\/plugins/mcufinder/images/boards/stm32u575i-ev_small.jpg
2023-10-13 14:17:53,798 [ERROR] DbBoards:189 - Image file not found for board STM32WB5MM-DK: C:\ST\STM32CubeIDE_1.4.0\STM32CubeIDE\plugins\com.st.stm32cube.common.mx_6.0.0.202007160824\\db\/plugins/mcufinder/images/boards/STM32WB5MM-DK_small.jpg
2023-10-13 14:17:53,799 [INFO] ApiDb:201 - Load user favorites file C:\Users\Dell/.stm32cubeide/favorites.boards.txt: 0 item(s)
2023-10-13 14:17:53,799 [INFO] ApiDb:205 - User favorites Boards=[]
2023-10-13 14:17:53,800 [INFO] DbBoards:206 - Set 0 / 0 favorites Boards
2023-10-13 14:18:24,098 [INFO] DbMcusDocs:145 - JSON generation date=Tue Nov 16 18:17:54 EET 2021 (1637079474)
2023-10-13 14:18:24,453 [INFO] DbMcusDocs:81 - Found 682 MCUs documents
2023-10-13 14:18:58,419 [INFO] LogOutputStream:76 - [STDOUT_REDIRECT] withoutVersionV1.8.4
2023-10-13 14:18:58,421 [INFO] LogOutputStream:76 - [STDOUT_REDIRECT] withoutVersionV1.8.3
2023-10-13 14:18:58,422 [INFO] LogOutputStream:76 - [STDOUT_REDIRECT] withoutVersionV1.8.2
2023-10-13 14:18:58,424 [INFO] LogOutputStream:76 - [STDOUT_REDIRECT] withoutVersionV1.8.1
2023-10-13 14:18:58,425 [INFO] LogOutputStream:76 - [STDOUT_REDIRECT] withoutVersionV1.8.0
2023-10-13 14:19:03,623 [INFO] ApiDb:226 - Save user favorites file C:\Users\Dell/.stm32cubeide/favorites.mcus.txt: 0 item(s)
2023-10-13 14:19:03,624 [INFO] ApiDb:230 - User favorites MCUs=[]
